Writing PID to tmp/pids/thin1.pid
Using rack adapter
/Users/nikhil/.rbenv/versions/2.1.0/lib/ruby/gems/2.1.0/gems/bundler-1.7.3/lib/bundler/runtime.rb:222: warning: Insecure world writable dir /usr/local in PATH, mode 040777
Thin web server (v1.6.3 codename Protein Powder)
Maximum connections set to 1024
Listening on 0.0.0.0:4001, CTRL+C to stop
Exiting!
/Users/nikhil/.rbenv/versions/2.1.0/lib/ruby/gems/2.1.0/gems/thin-1.6.3/lib/thin/backends/tcp_server.rb:16:in `connect': cannot load such file -- thin/connection (LoadError)
	from /Users/nikhil/.rbenv/versions/2.1.0/lib/ruby/gems/2.1.0/gems/thin-1.6.3/lib/thin/backends/base.rb:63:in `block in start'
	from /Users/nikhil/.rbenv/versions/2.1.0/lib/ruby/gems/2.1.0/gems/eventmachine-1.0.7/lib/eventmachine.rb:187:in `call'
	from /Users/nikhil/.rbenv/versions/2.1.0/lib/ruby/gems/2.1.0/gems/eventmachine-1.0.7/lib/eventmachine.rb:187:in `run_machine'
	from /Users/nikhil/.rbenv/versions/2.1.0/lib/ruby/gems/2.1.0/gems/eventmachine-1.0.7/lib/eventmachine.rb:187:in `run'
	from /Users/nikhil/.rbenv/versions/2.1.0/lib/ruby/gems/2.1.0/gems/thin-1.6.3/lib/thin/backends/base.rb:73:in `start'
	from /Users/nikhil/.rbenv/versions/2.1.0/lib/ruby/gems/2.1.0/gems/thin-1.6.3/lib/thin/server.rb:162:in `start'
	from /Users/nikhil/.rbenv/versions/2.1.0/lib/ruby/gems/2.1.0/gems/thin-1.6.3/lib/thin/controllers/controller.rb:87:in `start'
	from /Users/nikhil/.rbenv/versions/2.1.0/lib/ruby/gems/2.1.0/gems/thin-1.6.3/lib/thin/runner.rb:200:in `run_command'
	from /Users/nikhil/.rbenv/versions/2.1.0/lib/ruby/gems/2.1.0/gems/thin-1.6.3/lib/thin/runner.rb:156:in `run!'
	from /Users/nikhil/.rbenv/versions/2.1.0/lib/ruby/gems/2.1.0/gems/thin-1.6.3/bin/thin:6:in `<top (required)>'
	from /Users/nikhil/.rbenv/versions/2.1.0/bin/thin:23:in `load'
	from /Users/nikhil/.rbenv/versions/2.1.0/bin/thin:23:in `<main>'
